============================================================
        STARTING F1 ANALYTICS STREAMLIT DASHBOARD
============================================================
▶ Running Streamlit app at: /Users/manoharazalki/F1-Analytics/dashboard/app.py
▶ Logging output to: /Users/manoharazalki/F1-Analytics/scripts/dashboard.log
------------------------------------------------------------

  You can now view your Streamlit app in your browser.

  Local URL: http://localhost:8502
  Network URL: http://172.16.110.54:8502

2026-06-09 16:02:45.475 Please replace `use_container_width` with `width`.

`use_container_width` will be removed after 2025-12-31.

For `use_container_width=True`, use `width='stretch'`. For `use_container_width=False`, use `width='content'`.
2026-06-09 16:02:45.633 Please replace `use_container_width` with `width`.

`use_container_width` will be removed after 2025-12-31.

For `use_container_width=True`, use `width='stretch'`. For `use_container_width=False`, use `width='content'`.
2026-06-09 16:02:45.648 Please replace `use_container_width` with `width`.

`use_container_width` will be removed after 2025-12-31.

For `use_container_width=True`, use `width='stretch'`. For `use_container_width=False`, use `width='content'`.
2026-06-09 16:02:46.076 Please replace `use_container_width` with `width`.

`use_container_width` will be removed after 2025-12-31.

For `use_container_width=True`, use `width='stretch'`. For `use_container_width=False`, use `width='content'`.
2026-06-09 16:02:46.108 Please replace `use_container_width` with `width`.

`use_container_width` will be removed after 2025-12-31.

For `use_container_width=True`, use `width='stretch'`. For `use_container_width=False`, use `width='content'`.
2026-06-09 16:02:46.535 Please replace `use_container_width` with `width`.

`use_container_width` will be removed after 2025-12-31.

For `use_container_width=True`, use `width='stretch'`. For `use_container_width=False`, use `width='content'`.
2026-06-09 16:02:46.576 Please replace `use_container_width` with `width`.

`use_container_width` will be removed after 2025-12-31.

For `use_container_width=True`, use `width='stretch'`. For `use_container_width=False`, use `width='content'`.
2026-06-09 16:02:46.584 Please replace `use_container_width` with `width`.

`use_container_width` will be removed after 2025-12-31.

For `use_container_width=True`, use `width='stretch'`. For `use_container_width=False`, use `width='content'`.
2026-06-09 16:02:46.591 Please replace `use_container_width` with `width`.

`use_container_width` will be removed after 2025-12-31.

For `use_container_width=True`, use `width='stretch'`. For `use_container_width=False`, use `width='content'`.
2026-06-09 16:02:46.598 Please replace `use_container_width` with `width`.

`use_container_width` will be removed after 2025-12-31.

For `use_container_width=True`, use `width='stretch'`. For `use_container_width=False`, use `width='content'`.
2026-06-09 16:02:46.604 Please replace `use_container_width` with `width`.

`use_container_width` will be removed after 2025-12-31.

For `use_container_width=True`, use `width='stretch'`. For `use_container_width=False`, use `width='content'`.
2026-06-09 16:02:47.702 Please replace `use_container_width` with `width`.

`use_container_width` will be removed after 2025-12-31.

For `use_container_width=True`, use `width='stretch'`. For `use_container_width=False`, use `width='content'`.
/opt/anaconda3/lib/python3.13/site-packages/statsmodels/regression/linear_model.py:1782: RuntimeWarning:

invalid value encountered in scalar divide

/opt/anaconda3/lib/python3.13/site-packages/statsmodels/regression/linear_model.py:1782: RuntimeWarning:

divide by zero encountered in scalar divide

/opt/anaconda3/lib/python3.13/site-packages/statsmodels/regression/linear_model.py:1782: RuntimeWarning:

invalid value encountered in scalar divide

/opt/anaconda3/lib/python3.13/site-packages/statsmodels/regression/linear_model.py:1782: RuntimeWarning:

invalid value encountered in scalar divide

/opt/anaconda3/lib/python3.13/site-packages/statsmodels/regression/linear_model.py:1782: RuntimeWarning:

invalid value encountered in scalar divide

/opt/anaconda3/lib/python3.13/site-packages/statsmodels/regression/linear_model.py:1782: RuntimeWarning:

divide by zero encountered in scalar divide

/opt/anaconda3/lib/python3.13/site-packages/statsmodels/regression/linear_model.py:1782: RuntimeWarning:

divide by zero encountered in scalar divide

/opt/anaconda3/lib/python3.13/site-packages/statsmodels/regression/linear_model.py:1782: RuntimeWarning:

divide by zero encountered in scalar divide

2026-06-09 16:02:47.785 Please replace `use_container_width` with `width`.

`use_container_width` will be removed after 2025-12-31.

For `use_container_width=True`, use `width='stretch'`. For `use_container_width=False`, use `width='content'`.
2026-06-09 16:02:47.808 Please replace `use_container_width` with `width`.

`use_container_width` will be removed after 2025-12-31.

For `use_container_width=True`, use `width='stretch'`. For `use_container_width=False`, use `width='content'`.
2026-06-09 16:02:47.959 Please replace `use_container_width` with `width`.

`use_container_width` will be removed after 2025-12-31.

For `use_container_width=True`, use `width='stretch'`. For `use_container_width=False`, use `width='content'`.
