==============================================
🏎️  Installing F1-Race-2.0 Workspace
==============================================
🔍 Checking Python installation...
✔ Python3 found: Python 3.13.9
🔧 Creating virtual environment (venv)...
✔ Virtual environment activated
⬆ Upgrading pip...
Requirement already satisfied: pip in ./f1env/lib/python3.13/site-packages (25.2)
Collecting pip
  Using cached pip-26.1.2-py3-none-any.whl.metadata (4.6 kB)
Using cached pip-26.1.2-py3-none-any.whl (1.8 MB)
Installing collected packages: pip
  Attempting uninstall: pip
    Found existing installation: pip 25.2
    Uninstalling pip-25.2:
      Successfully uninstalled pip-25.2
Successfully installed pip-26.1.2
📦 Installing required Python libraries...
Collecting pyspark
  Using cached pyspark-4.1.2-py2.py3-none-any.whl
Collecting py4j<0.10.9.10,>=0.10.9.7 (from pyspark)
  Using cached py4j-0.10.9.9-py2.py3-none-any.whl.metadata (1.3 kB)
Using cached py4j-0.10.9.9-py2.py3-none-any.whl (203 kB)
Installing collected packages: py4j, pyspark

Successfully installed py4j-0.10.9.9 pyspark-4.1.2
Collecting pandas
  Using cached pandas-3.0.3-cp313-cp313-macosx_11_0_arm64.whl.metadata (79 kB)
Collecting numpy>=1.26.0 (from pandas)
  Using cached numpy-2.4.6-cp313-cp313-macosx_14_0_arm64.whl.metadata (6.6 kB)
Collecting python-dateutil>=2.8.2 (from pandas)
  Using cached python_dateutil-2.9.0.post0-py2.py3-none-any.whl.metadata (8.4 kB)
Collecting six>=1.5 (from python-dateutil>=2.8.2->pandas)
  Using cached six-1.17.0-py2.py3-none-any.whl.metadata (1.7 kB)
Using cached pandas-3.0.3-cp313-cp313-macosx_11_0_arm64.whl (9.9 MB)
Using cached numpy-2.4.6-cp313-cp313-macosx_14_0_arm64.whl (5.2 MB)
Using cached python_dateutil-2.9.0.post0-py2.py3-none-any.whl (229 kB)
Using cached six-1.17.0-py2.py3-none-any.whl (11 kB)
Installing collected packages: six, numpy, python-dateutil, pandas

Successfully installed numpy-2.4.6 pandas-3.0.3 python-dateutil-2.9.0.post0 six-1.17.0
Collecting papermill
  Using cached papermill-2.7.0-py3-none-any.whl.metadata (13 kB)
Collecting click (from papermill)
  Using cached click-8.4.1-py3-none-any.whl.metadata (2.6 kB)
Collecting entrypoints (from papermill)
  Using cached entrypoints-0.4-py3-none-any.whl.metadata (2.6 kB)
Collecting nbclient>=0.2 (from papermill)
  Using cached nbclient-0.11.0-py3-none-any.whl.metadata (7.3 kB)
Collecting nbformat>=5.2 (from papermill)
  Using cached nbformat-5.10.4-py3-none-any.whl.metadata (3.6 kB)
Collecting pyyaml (from papermill)
  Using cached pyyaml-6.0.3-cp313-cp313-macosx_11_0_arm64.whl.metadata (2.4 kB)
Collecting requests (from papermill)
  Using cached requests-2.34.2-py3-none-any.whl.metadata (4.8 kB)
Collecting tenacity>=5.0.2 (from papermill)
  Using cached tenacity-9.1.4-py3-none-any.whl.metadata (1.2 kB)
Collecting tqdm>=4.32.2 (from papermill)
  Downloading tqdm-4.68.2-py3-none-any.whl.metadata (58 kB)
Collecting jupyter-client>=7.0.0 (from nbclient>=0.2->papermill)
  Downloading jupyter_client-8.9.1-py3-none-any.whl.metadata (8.5 kB)
Collecting jupyter-core>=5.4.0 (from nbclient>=0.2->papermill)
  Using cached jupyter_core-5.9.1-py3-none-any.whl.metadata (1.5 kB)
Collecting traitlets>=5.13 (from nbclient>=0.2->papermill)
  Using cached traitlets-5.15.1-py3-none-any.whl.metadata (10 kB)
Requirement already satisfied: python-dateutil>=2.8.2 in ./f1env/lib/python3.13/site-packages (from jupyter-client>=7.0.0->nbclient>=0.2->papermill) (2.9.0.post0)
Collecting pyzmq>=25.0 (from jupyter-client>=7.0.0->nbclient>=0.2->papermill)
  Using cached pyzmq-27.1.0-cp312-abi3-macosx_10_15_universal2.whl.metadata (6.0 kB)
Collecting tornado>=6.4.1 (from jupyter-client>=7.0.0->nbclient>=0.2->papermill)
  Downloading tornado-6.5.7-cp39-abi3-macosx_10_9_universal2.whl.metadata (2.8 kB)
Collecting typing-extensions>=4.13.0 (from jupyter-client>=7.0.0->nbclient>=0.2->papermill)
  Using cached typing_extensions-4.15.0-py3-none-any.whl.metadata (3.3 kB)
Collecting platformdirs>=2.5 (from jupyter-core>=5.4.0->nbclient>=0.2->papermill)
  Using cached platformdirs-4.10.0-py3-none-any.whl.metadata (5.5 kB)
Collecting fastjsonschema>=2.15 (from nbformat>=5.2->papermill)
  Using cached fastjsonschema-2.21.2-py3-none-any.whl.metadata (2.3 kB)
Collecting jsonschema>=2.6 (from nbformat>=5.2->papermill)
  Using cached jsonschema-4.26.0-py3-none-any.whl.metadata (7.6 kB)
Collecting attrs>=22.2.0 (from jsonschema>=2.6->nbformat>=5.2->papermill)
  Using cached attrs-26.1.0-py3-none-any.whl.metadata (8.8 kB)
Collecting jsonschema-specifications>=2023.03.6 (from jsonschema>=2.6->nbformat>=5.2->papermill)
  Using cached jsonschema_specifications-2025.9.1-py3-none-any.whl.metadata (2.9 kB)
Collecting referencing>=0.28.4 (from jsonschema>=2.6->nbformat>=5.2->papermill)
  Using cached referencing-0.37.0-py3-none-any.whl.metadata (2.8 kB)
Collecting rpds-py>=0.25.0 (from jsonschema>=2.6->nbformat>=5.2->papermill)
  Using cached rpds_py-2026.5.1-cp313-cp313-macosx_11_0_arm64.whl.metadata (4.1 kB)
Requirement already satisfied: six>=1.5 in ./f1env/lib/python3.13/site-packages (from python-dateutil>=2.8.2->jupyter-client>=7.0.0->nbclient>=0.2->papermill) (1.17.0)
Collecting charset_normalizer<4,>=2 (from requests->papermill)
  Using cached charset_normalizer-3.4.7-cp313-cp313-macosx_10_13_universal2.whl.metadata (40 kB)
Collecting idna<4,>=2.5 (from requests->papermill)
  Using cached idna-3.18-py3-none-any.whl.metadata (6.1 kB)
Collecting urllib3<3,>=1.26 (from requests->papermill)
  Using cached urllib3-2.7.0-py3-none-any.whl.metadata (6.9 kB)
Collecting certifi>=2023.5.7 (from requests->papermill)
  Using cached certifi-2026.5.20-py3-none-any.whl.metadata (2.5 kB)
Using cached papermill-2.7.0-py3-none-any.whl (88 kB)
Using cached nbclient-0.11.0-py3-none-any.whl (25 kB)
Downloading jupyter_client-8.9.1-py3-none-any.whl (109 kB)
Using cached jupyter_core-5.9.1-py3-none-any.whl (29 kB)
Using cached nbformat-5.10.4-py3-none-any.whl (78 kB)
Using cached fastjsonschema-2.21.2-py3-none-any.whl (24 kB)
Using cached jsonschema-4.26.0-py3-none-any.whl (90 kB)
Using cached attrs-26.1.0-py3-none-any.whl (67 kB)
Using cached jsonschema_specifications-2025.9.1-py3-none-any.whl (18 kB)
Using cached platformdirs-4.10.0-py3-none-any.whl (22 kB)
Using cached pyzmq-27.1.0-cp312-abi3-macosx_10_15_universal2.whl (1.3 MB)
Using cached referencing-0.37.0-py3-none-any.whl (26 kB)
Using cached rpds_py-2026.5.1-cp313-cp313-macosx_11_0_arm64.whl (345 kB)
Using cached tenacity-9.1.4-py3-none-any.whl (28 kB)
Downloading tornado-6.5.7-cp39-abi3-macosx_10_9_universal2.whl (448 kB)
Downloading tqdm-4.68.2-py3-none-any.whl (78 kB)
Using cached traitlets-5.15.1-py3-none-any.whl (85 kB)
Using cached typing_extensions-4.15.0-py3-none-any.whl (44 kB)
Using cached click-8.4.1-py3-none-any.whl (116 kB)
Using cached entrypoints-0.4-py3-none-any.whl (5.3 kB)
Using cached pyyaml-6.0.3-cp313-cp313-macosx_11_0_arm64.whl (173 kB)
Using cached requests-2.34.2-py3-none-any.whl (73 kB)
Using cached charset_normalizer-3.4.7-cp313-cp313-macosx_10_13_universal2.whl (309 kB)
Using cached idna-3.18-py3-none-any.whl (65 kB)
Using cached urllib3-2.7.0-py3-none-any.whl (131 kB)
Using cached certifi-2026.5.20-py3-none-any.whl (134 kB)
Installing collected packages: fastjsonschema, urllib3, typing-extensions, traitlets, tqdm, tornado, tenacity, rpds-py, pyzmq, pyyaml, platformdirs, idna, entrypoints, click, charset_normalizer, certifi, attrs, requests, referencing, jupyter-core, jupyter-client, jsonschema-specifications, jsonschema, nbformat, nbclient, papermill

Successfully installed attrs-26.1.0 certifi-2026.5.20 charset_normalizer-3.4.7 click-8.4.1 entrypoints-0.4 fastjsonschema-2.21.2 idna-3.18 jsonschema-4.26.0 jsonschema-specifications-2025.9.1 jupyter-client-8.9.1 jupyter-core-5.9.1 nbclient-0.11.0 nbformat-5.10.4 papermill-2.7.0 platformdirs-4.10.0 pyyaml-6.0.3 pyzmq-27.1.0 referencing-0.37.0 requests-2.34.2 rpds-py-2026.5.1 tenacity-9.1.4 tornado-6.5.7 tqdm-4.68.2 traitlets-5.15.1 typing-extensions-4.15.0 urllib3-2.7.0
Collecting streamlit
  Using cached streamlit-1.58.0-py3-none-any.whl.metadata (9.6 kB)
Collecting altair!=5.4.0,!=5.4.1,<7,>=4.0 (from streamlit)
  Using cached altair-6.2.1-py3-none-any.whl.metadata (11 kB)
Collecting blinker<2,>=1.5.0 (from streamlit)
  Using cached blinker-1.9.0-py3-none-any.whl.metadata (1.6 kB)
Collecting cachetools<8,>=5.5 (from streamlit)
  Using cached cachetools-7.1.4-py3-none-any.whl.metadata (5.5 kB)
Requirement already satisfied: click<9,>=7.0 in ./f1env/lib/python3.13/site-packages (from streamlit) (8.4.1)
Collecting gitpython!=3.1.19,<4,>=3.0.7 (from streamlit)
  Using cached gitpython-3.1.50-py3-none-any.whl.metadata (14 kB)
Requirement already satisfied: numpy<3,>=1.23 in ./f1env/lib/python3.13/site-packages (from streamlit) (2.4.6)
Collecting packaging>=20 (from streamlit)
  Using cached packaging-26.2-py3-none-any.whl.metadata (3.5 kB)
Requirement already satisfied: pandas<4,>=1.4.0 in ./f1env/lib/python3.13/site-packages (from streamlit) (3.0.3)
Collecting pillow<13,>=7.1.0 (from streamlit)
  Using cached pillow-12.2.0-cp313-cp313-macosx_11_0_arm64.whl.metadata (8.8 kB)
Collecting pydeck<1,>=0.8.0b4 (from streamlit)
  Using cached pydeck-0.9.2-py2.py3-none-any.whl.metadata (4.2 kB)
Collecting protobuf<8,>=3.20 (from streamlit)
  Using cached protobuf-7.35.0-cp310-abi3-macosx_10_9_universal2.whl.metadata (595 bytes)
Collecting pyarrow>=7.0 (from streamlit)
  Using cached pyarrow-24.0.0-cp313-cp313-macosx_12_0_arm64.whl.metadata (3.0 kB)
Requirement already satisfied: requests<3,>=2.27 in ./f1env/lib/python3.13/site-packages (from streamlit) (2.34.2)
Requirement already satisfied: tenacity<10,>=8.1.0 in ./f1env/lib/python3.13/site-packages (from streamlit) (9.1.4)
Collecting toml<2,>=0.10.1 (from streamlit)
  Using cached toml-0.10.2-py2.py3-none-any.whl.metadata (7.1 kB)
Requirement already satisfied: typing-extensions<5,>=4.10.0 in ./f1env/lib/python3.13/site-packages (from streamlit) (4.15.0)
Collecting starlette>=0.40.0 (from streamlit)
  Using cached starlette-1.2.1-py3-none-any.whl.metadata (6.3 kB)
Collecting uvicorn>=0.30.0 (from streamlit)
  Using cached uvicorn-0.49.0-py3-none-any.whl.metadata (6.7 kB)
Collecting httptools>=0.6.3 (from streamlit)
  Using cached httptools-0.8.0-cp313-cp313-macosx_11_0_arm64.whl.metadata (3.5 kB)
Collecting anyio>=4.0.0 (from streamlit)
  Using cached anyio-4.13.0-py3-none-any.whl.metadata (4.5 kB)
Collecting python-multipart>=0.0.10 (from streamlit)
  Using cached python_multipart-0.0.32-py3-none-any.whl.metadata (2.1 kB)
Collecting websockets>=12.0.0 (from streamlit)
  Using cached websockets-16.0-cp313-cp313-macosx_11_0_arm64.whl.metadata (6.8 kB)
Collecting itsdangerous>=2.1.2 (from streamlit)
  Using cached itsdangerous-2.2.0-py3-none-any.whl.metadata (1.9 kB)
Collecting jinja2 (from altair!=5.4.0,!=5.4.1,<7,>=4.0->streamlit)
  Using cached jinja2-3.1.6-py3-none-any.whl.metadata (2.9 kB)
Requirement already satisfied: jsonschema>=3.0 in ./f1env/lib/python3.13/site-packages (from altair!=5.4.0,!=5.4.1,<7,>=4.0->streamlit) (4.26.0)
Collecting narwhals>=2.4.0 (from altair!=5.4.0,!=5.4.1,<7,>=4.0->streamlit)
  Using cached narwhals-2.22.1-py3-none-any.whl.metadata (15 kB)
Collecting gitdb<5,>=4.0.1 (from gitpython!=3.1.19,<4,>=3.0.7->streamlit)
  Using cached gitdb-4.0.12-py3-none-any.whl.metadata (1.2 kB)
Collecting smmap<6,>=3.0.1 (from gitdb<5,>=4.0.1->gitpython!=3.1.19,<4,>=3.0.7->streamlit)
  Using cached smmap-5.0.3-py3-none-any.whl.metadata (4.6 kB)
Requirement already satisfied: python-dateutil>=2.8.2 in ./f1env/lib/python3.13/site-packages (from pandas<4,>=1.4.0->streamlit) (2.9.0.post0)
Requirement already satisfied: charset_normalizer<4,>=2 in ./f1env/lib/python3.13/site-packages (from requests<3,>=2.27->streamlit) (3.4.7)
Requirement already satisfied: idna<4,>=2.5 in ./f1env/lib/python3.13/site-packages (from requests<3,>=2.27->streamlit) (3.18)
Requirement already satisfied: urllib3<3,>=1.26 in ./f1env/lib/python3.13/site-packages (from requests<3,>=2.27->streamlit) (2.7.0)
Requirement already satisfied: certifi>=2023.5.7 in ./f1env/lib/python3.13/site-packages (from requests<3,>=2.27->streamlit) (2026.5.20)
Collecting MarkupSafe>=2.0 (from jinja2->altair!=5.4.0,!=5.4.1,<7,>=4.0->streamlit)
  Using cached markupsafe-3.0.3-cp313-cp313-macosx_11_0_arm64.whl.metadata (2.7 kB)
Requirement already satisfied: attrs>=22.2.0 in ./f1env/lib/python3.13/site-packages (from jsonschema>=3.0->altair!=5.4.0,!=5.4.1,<7,>=4.0->streamlit) (26.1.0)
Requirement already satisfied: jsonschema-specifications>=2023.03.6 in ./f1env/lib/python3.13/site-packages (from jsonschema>=3.0->altair!=5.4.0,!=5.4.1,<7,>=4.0->streamlit) (2025.9.1)
Requirement already satisfied: referencing>=0.28.4 in ./f1env/lib/python3.13/site-packages (from jsonschema>=3.0->altair!=5.4.0,!=5.4.1,<7,>=4.0->streamlit) (0.37.0)
Requirement already satisfied: rpds-py>=0.25.0 in ./f1env/lib/python3.13/site-packages (from jsonschema>=3.0->altair!=5.4.0,!=5.4.1,<7,>=4.0->streamlit) (2026.5.1)
Requirement already satisfied: six>=1.5 in ./f1env/lib/python3.13/site-packages (from python-dateutil>=2.8.2->pandas<4,>=1.4.0->streamlit) (1.17.0)
Collecting h11>=0.8 (from uvicorn>=0.30.0->streamlit)
  Using cached h11-0.16.0-py3-none-any.whl.metadata (8.3 kB)
Using cached streamlit-1.58.0-py3-none-any.whl (9.2 MB)
Using cached altair-6.2.1-py3-none-any.whl (797 kB)
Using cached blinker-1.9.0-py3-none-any.whl (8.5 kB)
Using cached cachetools-7.1.4-py3-none-any.whl (16 kB)
Using cached gitpython-3.1.50-py3-none-any.whl (212 kB)
Using cached gitdb-4.0.12-py3-none-any.whl (62 kB)
Using cached pillow-12.2.0-cp313-cp313-macosx_11_0_arm64.whl (4.7 MB)
Using cached protobuf-7.35.0-cp310-abi3-macosx_10_9_universal2.whl (433 kB)
Using cached pydeck-0.9.2-py2.py3-none-any.whl (11.3 MB)
Using cached smmap-5.0.3-py3-none-any.whl (24 kB)
Using cached toml-0.10.2-py2.py3-none-any.whl (16 kB)
Using cached anyio-4.13.0-py3-none-any.whl (114 kB)
Using cached httptools-0.8.0-cp313-cp313-macosx_11_0_arm64.whl (111 kB)
Using cached itsdangerous-2.2.0-py3-none-any.whl (16 kB)
Using cached jinja2-3.1.6-py3-none-any.whl (134 kB)
Using cached markupsafe-3.0.3-cp313-cp313-macosx_11_0_arm64.whl (12 kB)
Using cached narwhals-2.22.1-py3-none-any.whl (454 kB)
Using cached packaging-26.2-py3-none-any.whl (100 kB)
Using cached pyarrow-24.0.0-cp313-cp313-macosx_12_0_arm64.whl (35.0 MB)
Using cached python_multipart-0.0.32-py3-none-any.whl (30 kB)
Using cached starlette-1.2.1-py3-none-any.whl (73 kB)
Using cached uvicorn-0.49.0-py3-none-any.whl (71 kB)
Using cached h11-0.16.0-py3-none-any.whl (37 kB)
Using cached websockets-16.0-cp313-cp313-macosx_11_0_arm64.whl (175 kB)
Installing collected packages: websockets, toml, smmap, python-multipart, pyarrow, protobuf, pillow, packaging, narwhals, MarkupSafe, itsdangerous, httptools, h11, cachetools, blinker, anyio, uvicorn, starlette, jinja2, gitdb, pydeck, gitpython, altair, streamlit

Successfully installed MarkupSafe-3.0.3 altair-6.2.1 anyio-4.13.0 blinker-1.9.0 cachetools-7.1.4 gitdb-4.0.12 gitpython-3.1.50 h11-0.16.0 httptools-0.8.0 itsdangerous-2.2.0 jinja2-3.1.6 narwhals-2.22.1 packaging-26.2 pillow-12.2.0 protobuf-7.35.0 pyarrow-24.0.0 pydeck-0.9.2 python-multipart-0.0.32 smmap-5.0.3 starlette-1.2.1 streamlit-1.58.0 toml-0.10.2 uvicorn-0.49.0 websockets-16.0
Requirement already satisfied: pyarrow in ./f1env/lib/python3.13/site-packages (24.0.0)
Collecting notebook
  Downloading notebook-7.5.7-py3-none-any.whl.metadata (10 kB)
Collecting jupyter-server<3,>=2.4.0 (from notebook)
  Using cached jupyter_server-2.19.0-py3-none-any.whl.metadata (8.5 kB)
Collecting jupyterlab-server<3,>=2.28.0 (from notebook)
  Using cached jupyterlab_server-2.28.0-py3-none-any.whl.metadata (5.9 kB)
Collecting jupyterlab<4.6,>=4.5.8 (from notebook)
  Using cached jupyterlab-4.5.8-py3-none-any.whl.metadata (16 kB)
Collecting notebook-shim<0.3,>=0.2 (from notebook)
  Using cached notebook_shim-0.2.4-py3-none-any.whl.metadata (4.0 kB)
Requirement already satisfied: tornado>=6.2.0 in ./f1env/lib/python3.13/site-packages (from notebook) (6.5.7)
Requirement already satisfied: anyio>=3.1.0 in ./f1env/lib/python3.13/site-packages (from jupyter-server<3,>=2.4.0->notebook) (4.13.0)
Collecting argon2-cffi>=21.1 (from jupyter-server<3,>=2.4.0->notebook)
  Using cached argon2_cffi-25.1.0-py3-none-any.whl.metadata (4.1 kB)
Requirement already satisfied: jinja2>=3.0.3 in ./f1env/lib/python3.13/site-packages (from jupyter-server<3,>=2.4.0->notebook) (3.1.6)
Requirement already satisfied: jupyter-client>=7.4.4 in ./f1env/lib/python3.13/site-packages (from jupyter-server<3,>=2.4.0->notebook) (8.9.1)
Requirement already satisfied: jupyter-core!=5.0.*,>=4.12 in ./f1env/lib/python3.13/site-packages (from jupyter-server<3,>=2.4.0->notebook) (5.9.1)
Collecting jupyter-events>=0.11.0 (from jupyter-server<3,>=2.4.0->notebook)
  Using cached jupyter_events-0.12.1-py3-none-any.whl.metadata (5.8 kB)
Collecting jupyter-server-terminals>=0.4.4 (from jupyter-server<3,>=2.4.0->notebook)
  Using cached jupyter_server_terminals-0.5.4-py3-none-any.whl.metadata (5.9 kB)
Collecting nbconvert>=6.4.4 (from jupyter-server<3,>=2.4.0->notebook)
  Using cached nbconvert-7.17.1-py3-none-any.whl.metadata (8.4 kB)
Requirement already satisfied: nbformat>=5.3.0 in ./f1env/lib/python3.13/site-packages (from jupyter-server<3,>=2.4.0->notebook) (5.10.4)
Requirement already satisfied: packaging>=22.0 in ./f1env/lib/python3.13/site-packages (from jupyter-server<3,>=2.4.0->notebook) (26.2)
Collecting prometheus-client>=0.9 (from jupyter-server<3,>=2.4.0->notebook)
  Using cached prometheus_client-0.25.0-py3-none-any.whl.metadata (2.1 kB)
Requirement already satisfied: pyzmq>=24 in ./f1env/lib/python3.13/site-packages (from jupyter-server<3,>=2.4.0->notebook) (27.1.0)
Collecting send2trash>=1.8.2 (from jupyter-server<3,>=2.4.0->notebook)
  Using cached send2trash-2.1.0-py3-none-any.whl.metadata (4.1 kB)
Collecting terminado>=0.8.3 (from jupyter-server<3,>=2.4.0->notebook)
  Using cached terminado-0.18.1-py3-none-any.whl.metadata (5.8 kB)
Requirement already satisfied: traitlets>=5.6.0 in ./f1env/lib/python3.13/site-packages (from jupyter-server<3,>=2.4.0->notebook) (5.15.1)
Collecting websocket-client>=1.7 (from jupyter-server<3,>=2.4.0->notebook)
  Using cached websocket_client-1.9.0-py3-none-any.whl.metadata (8.3 kB)
Collecting async-lru>=1.0.0 (from jupyterlab<4.6,>=4.5.8->notebook)
  Using cached async_lru-2.3.0-py3-none-any.whl.metadata (7.6 kB)
Collecting httpx<1,>=0.25.0 (from jupyterlab<4.6,>=4.5.8->notebook)
  Using cached httpx-0.28.1-py3-none-any.whl.metadata (7.1 kB)
Collecting ipykernel!=6.30.0,>=6.5.0 (from jupyterlab<4.6,>=4.5.8->notebook)
  Using cached ipykernel-7.2.0-py3-none-any.whl.metadata (4.5 kB)
Collecting jupyter-lsp>=2.0.0 (from jupyterlab<4.6,>=4.5.8->notebook)
  Using cached jupyter_lsp-2.3.1-py3-none-any.whl.metadata (1.8 kB)
Collecting setuptools>=41.1.0 (from jupyterlab<4.6,>=4.5.8->notebook)
  Using cached setuptools-82.0.1-py3-none-any.whl.metadata (6.5 kB)
Requirement already satisfied: certifi in ./f1env/lib/python3.13/site-packages (from httpx<1,>=0.25.0->jupyterlab<4.6,>=4.5.8->notebook) (2026.5.20)
Collecting httpcore==1.* (from httpx<1,>=0.25.0->jupyterlab<4.6,>=4.5.8->notebook)
  Using cached httpcore-1.0.9-py3-none-any.whl.metadata (21 kB)
Requirement already satisfied: idna in ./f1env/lib/python3.13/site-packages (from httpx<1,>=0.25.0->jupyterlab<4.6,>=4.5.8->notebook) (3.18)
Requirement already satisfied: h11>=0.16 in ./f1env/lib/python3.13/site-packages (from httpcore==1.*->httpx<1,>=0.25.0->jupyterlab<4.6,>=4.5.8->notebook) (0.16.0)
Collecting babel>=2.10 (from jupyterlab-server<3,>=2.28.0->notebook)
  Using cached babel-2.18.0-py3-none-any.whl.metadata (2.2 kB)
Collecting json5>=0.9.0 (from jupyterlab-server<3,>=2.28.0->notebook)
  Using cached json5-0.14.0-py3-none-any.whl.metadata (36 kB)
Requirement already satisfied: jsonschema>=4.18.0 in ./f1env/lib/python3.13/site-packages (from jupyterlab-server<3,>=2.28.0->notebook) (4.26.0)
Requirement already satisfied: requests>=2.31 in ./f1env/lib/python3.13/site-packages (from jupyterlab-server<3,>=2.28.0->notebook) (2.34.2)
Collecting argon2-cffi-bindings (from argon2-cffi>=21.1->jupyter-server<3,>=2.4.0->notebook)
  Using cached argon2_cffi_bindings-25.1.0-cp39-abi3-macosx_11_0_arm64.whl.metadata (7.4 kB)
Collecting appnope>=0.1.2 (from ipykernel!=6.30.0,>=6.5.0->jupyterlab<4.6,>=4.5.8->notebook)
  Using cached appnope-0.1.4-py2.py3-none-any.whl.metadata (908 bytes)
Collecting comm>=0.1.1 (from ipykernel!=6.30.0,>=6.5.0->jupyterlab<4.6,>=4.5.8->notebook)
  Using cached comm-0.2.3-py3-none-any.whl.metadata (3.7 kB)
Collecting debugpy>=1.6.5 (from ipykernel!=6.30.0,>=6.5.0->jupyterlab<4.6,>=4.5.8->notebook)
  Using cached debugpy-1.8.21-cp313-cp313-macosx_15_0_universal2.whl.metadata (1.4 kB)
Collecting ipython>=7.23.1 (from ipykernel!=6.30.0,>=6.5.0->jupyterlab<4.6,>=4.5.8->notebook)
  Downloading ipython-9.14.1-py3-none-any.whl.metadata (4.7 kB)
Collecting matplotlib-inline>=0.1 (from ipykernel!=6.30.0,>=6.5.0->jupyterlab<4.6,>=4.5.8->notebook)
  Using cached matplotlib_inline-0.2.2-py3-none-any.whl.metadata (2.4 kB)
Collecting nest-asyncio>=1.4 (from ipykernel!=6.30.0,>=6.5.0->jupyterlab<4.6,>=4.5.8->notebook)
  Using cached nest_asyncio-1.6.0-py3-none-any.whl.metadata (2.8 kB)
Collecting psutil>=5.7 (from ipykernel!=6.30.0,>=6.5.0->jupyterlab<4.6,>=4.5.8->notebook)
  Using cached psutil-7.2.2-cp36-abi3-macosx_11_0_arm64.whl.metadata (22 kB)
Collecting decorator>=5.1.0 (from ipython>=7.23.1->ipykernel!=6.30.0,>=6.5.0->jupyterlab<4.6,>=4.5.8->notebook)
  Using cached decorator-5.3.1-py3-none-any.whl.metadata (3.9 kB)
Collecting ipython-pygments-lexers>=1.0.0 (from ipython>=7.23.1->ipykernel!=6.30.0,>=6.5.0->jupyterlab<4.6,>=4.5.8->notebook)
  Using cached ipython_pygments_lexers-1.1.1-py3-none-any.whl.metadata (1.1 kB)
Collecting jedi>=0.18.2 (from ipython>=7.23.1->ipykernel!=6.30.0,>=6.5.0->jupyterlab<4.6,>=4.5.8->notebook)
  Using cached jedi-0.20.0-py2.py3-none-any.whl.metadata (23 kB)
Collecting pexpect>4.6 (from ipython>=7.23.1->ipykernel!=6.30.0,>=6.5.0->jupyterlab<4.6,>=4.5.8->notebook)
  Using cached pexpect-4.9.0-py2.py3-none-any.whl.metadata (2.5 kB)
Collecting prompt_toolkit<3.1.0,>=3.0.41 (from ipython>=7.23.1->ipykernel!=6.30.0,>=6.5.0->jupyterlab<4.6,>=4.5.8->notebook)
  Using cached prompt_toolkit-3.0.52-py3-none-any.whl.metadata (6.4 kB)
Collecting pygments>=2.14.0 (from ipython>=7.23.1->ipykernel!=6.30.0,>=6.5.0->jupyterlab<4.6,>=4.5.8->notebook)
  Using cached pygments-2.20.0-py3-none-any.whl.metadata (2.5 kB)
Collecting stack_data>=0.6.0 (from ipython>=7.23.1->ipykernel!=6.30.0,>=6.5.0->jupyterlab<4.6,>=4.5.8->notebook)
  Using cached stack_data-0.6.3-py3-none-any.whl.metadata (18 kB)
Collecting wcwidth (from prompt_toolkit<3.1.0,>=3.0.41->ipython>=7.23.1->ipykernel!=6.30.0,>=6.5.0->jupyterlab<4.6,>=4.5.8->notebook)
  Downloading wcwidth-0.8.1-py3-none-any.whl.metadata (43 kB)
Collecting parso<0.9.0,>=0.8.6 (from jedi>=0.18.2->ipython>=7.23.1->ipykernel!=6.30.0,>=6.5.0->jupyterlab<4.6,>=4.5.8->notebook)
  Using cached parso-0.8.7-py2.py3-none-any.whl.metadata (8.2 kB)
Requirement already satisfied: MarkupSafe>=2.0 in ./f1env/lib/python3.13/site-packages (from jinja2>=3.0.3->jupyter-server<3,>=2.4.0->notebook) (3.0.3)
Requirement already satisfied: attrs>=22.2.0 in ./f1env/lib/python3.13/site-packages (from jsonschema>=4.18.0->jupyterlab-server<3,>=2.28.0->notebook) (26.1.0)
Requirement already satisfied: jsonschema-specifications>=2023.03.6 in ./f1env/lib/python3.13/site-packages (from jsonschema>=4.18.0->jupyterlab-server<3,>=2.28.0->notebook) (2025.9.1)
Requirement already satisfied: referencing>=0.28.4 in ./f1env/lib/python3.13/site-packages (from jsonschema>=4.18.0->jupyterlab-server<3,>=2.28.0->notebook) (0.37.0)
Requirement already satisfied: rpds-py>=0.25.0 in ./f1env/lib/python3.13/site-packages (from jsonschema>=4.18.0->jupyterlab-server<3,>=2.28.0->notebook) (2026.5.1)
Requirement already satisfied: python-dateutil>=2.8.2 in ./f1env/lib/python3.13/site-packages (from jupyter-client>=7.4.4->jupyter-server<3,>=2.4.0->notebook) (2.9.0.post0)
Requirement already satisfied: typing-extensions>=4.13.0 in ./f1env/lib/python3.13/site-packages (from jupyter-client>=7.4.4->jupyter-server<3,>=2.4.0->notebook) (4.15.0)
Requirement already satisfied: platformdirs>=2.5 in ./f1env/lib/python3.13/site-packages (from jupyter-core!=5.0.*,>=4.12->jupyter-server<3,>=2.4.0->notebook) (4.10.0)
Collecting python-json-logger>=2.0.4 (from jupyter-events>=0.11.0->jupyter-server<3,>=2.4.0->notebook)
  Using cached python_json_logger-4.1.0-py3-none-any.whl.metadata (3.7 kB)
Requirement already satisfied: pyyaml>=5.3 in ./f1env/lib/python3.13/site-packages (from jupyter-events>=0.11.0->jupyter-server<3,>=2.4.0->notebook) (6.0.3)
Collecting rfc3339-validator (from jupyter-events>=0.11.0->jupyter-server<3,>=2.4.0->notebook)
  Using cached rfc3339_validator-0.1.4-py2.py3-none-any.whl.metadata (1.5 kB)
Collecting rfc3986-validator>=0.1.1 (from jupyter-events>=0.11.0->jupyter-server<3,>=2.4.0->notebook)
  Using cached rfc3986_validator-0.1.1-py2.py3-none-any.whl.metadata (1.7 kB)
Collecting fqdn (from jsonschema[format-nongpl]>=4.18.0->jupyter-events>=0.11.0->jupyter-server<3,>=2.4.0->notebook)
  Using cached fqdn-1.5.1-py3-none-any.whl.metadata (1.4 kB)
Collecting isoduration (from jsonschema[format-nongpl]>=4.18.0->jupyter-events>=0.11.0->jupyter-server<3,>=2.4.0->notebook)
  Using cached isoduration-20.11.0-py3-none-any.whl.metadata (5.7 kB)
Collecting jsonpointer>1.13 (from jsonschema[format-nongpl]>=4.18.0->jupyter-events>=0.11.0->jupyter-server<3,>=2.4.0->notebook)
  Using cached jsonpointer-3.1.1-py3-none-any.whl.metadata (2.4 kB)
Collecting rfc3987-syntax>=1.1.0 (from jsonschema[format-nongpl]>=4.18.0->jupyter-events>=0.11.0->jupyter-server<3,>=2.4.0->notebook)
  Using cached rfc3987_syntax-1.1.0-py3-none-any.whl.metadata (7.7 kB)
Collecting uri-template (from jsonschema[format-nongpl]>=4.18.0->jupyter-events>=0.11.0->jupyter-server<3,>=2.4.0->notebook)
  Using cached uri_template-1.3.0-py3-none-any.whl.metadata (8.8 kB)
Collecting webcolors>=24.6.0 (from jsonschema[format-nongpl]>=4.18.0->jupyter-events>=0.11.0->jupyter-server<3,>=2.4.0->notebook)
  Using cached webcolors-25.10.0-py3-none-any.whl.metadata (2.2 kB)
Collecting beautifulsoup4 (from nbconvert>=6.4.4->jupyter-server<3,>=2.4.0->notebook)
  Downloading beautifulsoup4-4.15.0-py3-none-any.whl.metadata (3.8 kB)
Collecting bleach!=5.0.0 (from bleach[css]!=5.0.0->nbconvert>=6.4.4->jupyter-server<3,>=2.4.0->notebook)
  Downloading bleach-6.4.0-py3-none-any.whl.metadata (32 kB)
Collecting defusedxml (from nbconvert>=6.4.4->jupyter-server<3,>=2.4.0->notebook)
  Using cached defusedxml-0.7.1-py2.py3-none-any.whl.metadata (32 kB)
Collecting jupyterlab-pygments (from nbconvert>=6.4.4->jupyter-server<3,>=2.4.0->notebook)
  Using cached jupyterlab_pygments-0.3.0-py3-none-any.whl.metadata (4.4 kB)
Collecting mistune<4,>=2.0.3 (from nbconvert>=6.4.4->jupyter-server<3,>=2.4.0->notebook)
  Using cached mistune-3.2.1-py3-none-any.whl.metadata (1.9 kB)
Requirement already satisfied: nbclient>=0.5.0 in ./f1env/lib/python3.13/site-packages (from nbconvert>=6.4.4->jupyter-server<3,>=2.4.0->notebook) (0.11.0)
Collecting pandocfilters>=1.4.1 (from nbconvert>=6.4.4->jupyter-server<3,>=2.4.0->notebook)
  Using cached pandocfilters-1.5.1-py2.py3-none-any.whl.metadata (9.0 kB)
Collecting webencodings (from bleach!=5.0.0->bleach[css]!=5.0.0->nbconvert>=6.4.4->jupyter-server<3,>=2.4.0->notebook)
  Using cached webencodings-0.5.1-py2.py3-none-any.whl.metadata (2.1 kB)
Collecting tinycss2>=1.1.0 (from bleach[css]!=5.0.0->nbconvert>=6.4.4->jupyter-server<3,>=2.4.0->notebook)
  Downloading tinycss2-1.5.1-py3-none-any.whl.metadata (3.0 kB)
Requirement already satisfied: fastjsonschema>=2.15 in ./f1env/lib/python3.13/site-packages (from nbformat>=5.3.0->jupyter-server<3,>=2.4.0->notebook) (2.21.2)
Collecting ptyprocess>=0.5 (from pexpect>4.6->ipython>=7.23.1->ipykernel!=6.30.0,>=6.5.0->jupyterlab<4.6,>=4.5.8->notebook)
  Using cached ptyprocess-0.7.0-py2.py3-none-any.whl.metadata (1.3 kB)
Requirement already satisfied: six>=1.5 in ./f1env/lib/python3.13/site-packages (from python-dateutil>=2.8.2->jupyter-client>=7.4.4->jupyter-server<3,>=2.4.0->notebook) (1.17.0)
Requirement already satisfied: charset_normalizer<4,>=2 in ./f1env/lib/python3.13/site-packages (from requests>=2.31->jupyterlab-server<3,>=2.28.0->notebook) (3.4.7)
Requirement already satisfied: urllib3<3,>=1.26 in ./f1env/lib/python3.13/site-packages (from requests>=2.31->jupyterlab-server<3,>=2.28.0->notebook) (2.7.0)
Collecting lark>=1.2.2 (from rfc3987-syntax>=1.1.0->jsonschema[format-nongpl]>=4.18.0->jupyter-events>=0.11.0->jupyter-server<3,>=2.4.0->notebook)
  Using cached lark-1.3.1-py3-none-any.whl.metadata (1.8 kB)
Collecting executing>=1.2.0 (from stack_data>=0.6.0->ipython>=7.23.1->ipykernel!=6.30.0,>=6.5.0->jupyterlab<4.6,>=4.5.8->notebook)
  Using cached executing-2.2.1-py2.py3-none-any.whl.metadata (8.9 kB)
Collecting asttokens>=2.1.0 (from stack_data>=0.6.0->ipython>=7.23.1->ipykernel!=6.30.0,>=6.5.0->jupyterlab<4.6,>=4.5.8->notebook)
  Using cached asttokens-3.0.1-py3-none-any.whl.metadata (4.9 kB)
Collecting pure-eval (from stack_data>=0.6.0->ipython>=7.23.1->ipykernel!=6.30.0,>=6.5.0->jupyterlab<4.6,>=4.5.8->notebook)
  Using cached pure_eval-0.2.3-py3-none-any.whl.metadata (6.3 kB)
Collecting cffi>=1.0.1 (from argon2-cffi-bindings->argon2-cffi>=21.1->jupyter-server<3,>=2.4.0->notebook)
  Using cached cffi-2.0.0-cp313-cp313-macosx_11_0_arm64.whl.metadata (2.6 kB)
Collecting pycparser (from cffi>=1.0.1->argon2-cffi-bindings->argon2-cffi>=21.1->jupyter-server<3,>=2.4.0->notebook)
  Using cached pycparser-3.0-py3-none-any.whl.metadata (8.2 kB)
Collecting soupsieve>=1.6.1 (from beautifulsoup4->nbconvert>=6.4.4->jupyter-server<3,>=2.4.0->notebook)
  Using cached soupsieve-2.8.4-py3-none-any.whl.metadata (4.6 kB)
Collecting arrow>=0.15.0 (from isoduration->jsonschema[format-nongpl]>=4.18.0->jupyter-events>=0.11.0->jupyter-server<3,>=2.4.0->notebook)
  Using cached arrow-1.4.0-py3-none-any.whl.metadata (7.7 kB)
Collecting tzdata (from arrow>=0.15.0->isoduration->jsonschema[format-nongpl]>=4.18.0->jupyter-events>=0.11.0->jupyter-server<3,>=2.4.0->notebook)
  Using cached tzdata-2026.2-py2.py3-none-any.whl.metadata (1.4 kB)
Downloading notebook-7.5.7-py3-none-any.whl (14.6 MB)
   ━━━━━━━━━━━━━━━━━━━━━━━━━━━━━━━━━━━━━━━━ 14.6/14.6 MB 25.1 MB/s  0:00:00
Using cached jupyter_server-2.19.0-py3-none-any.whl (392 kB)
Using cached jupyterlab-4.5.8-py3-none-any.whl (12.4 MB)
Using cached httpx-0.28.1-py3-none-any.whl (73 kB)
Using cached httpcore-1.0.9-py3-none-any.whl (78 kB)
Using cached jupyterlab_server-2.28.0-py3-none-any.whl (59 kB)
Using cached notebook_shim-0.2.4-py3-none-any.whl (13 kB)
Using cached argon2_cffi-25.1.0-py3-none-any.whl (14 kB)
Using cached async_lru-2.3.0-py3-none-any.whl (8.4 kB)
Using cached babel-2.18.0-py3-none-any.whl (10.2 MB)
Using cached ipykernel-7.2.0-py3-none-any.whl (118 kB)
Using cached appnope-0.1.4-py2.py3-none-any.whl (4.3 kB)
Using cached comm-0.2.3-py3-none-any.whl (7.3 kB)
Using cached debugpy-1.8.21-cp313-cp313-macosx_15_0_universal2.whl (2.5 MB)
Downloading ipython-9.14.1-py3-none-any.whl (627 kB)
   ━━━━━━━━━━━━━━━━━━━━━━━━━━━━━━━━━━━━━━━━ 627.8/627.8 kB 14.1 MB/s  0:00:00
Using cached prompt_toolkit-3.0.52-py3-none-any.whl (391 kB)
Using cached decorator-5.3.1-py3-none-any.whl (10 kB)
Using cached ipython_pygments_lexers-1.1.1-py3-none-any.whl (8.1 kB)
Using cached jedi-0.20.0-py2.py3-none-any.whl (4.9 MB)
Using cached parso-0.8.7-py2.py3-none-any.whl (107 kB)
Using cached json5-0.14.0-py3-none-any.whl (36 kB)
Using cached jupyter_events-0.12.1-py3-none-any.whl (19 kB)
Using cached jsonpointer-3.1.1-py3-none-any.whl (7.7 kB)
Using cached jupyter_lsp-2.3.1-py3-none-any.whl (77 kB)
Using cached jupyter_server_terminals-0.5.4-py3-none-any.whl (13 kB)
Using cached matplotlib_inline-0.2.2-py3-none-any.whl (9.5 kB)
Using cached nbconvert-7.17.1-py3-none-any.whl (261 kB)
Using cached mistune-3.2.1-py3-none-any.whl (53 kB)
Downloading bleach-6.4.0-py3-none-any.whl (165 kB)
Using cached nest_asyncio-1.6.0-py3-none-any.whl (5.2 kB)
Using cached pandocfilters-1.5.1-py2.py3-none-any.whl (8.7 kB)
Using cached pexpect-4.9.0-py2.py3-none-any.whl (63 kB)
Using cached prometheus_client-0.25.0-py3-none-any.whl (64 kB)
Using cached psutil-7.2.2-cp36-abi3-macosx_11_0_arm64.whl (129 kB)
Using cached ptyprocess-0.7.0-py2.py3-none-any.whl (13 kB)
Using cached pygments-2.20.0-py3-none-any.whl (1.2 MB)
Using cached python_json_logger-4.1.0-py3-none-any.whl (15 kB)
Using cached rfc3986_validator-0.1.1-py2.py3-none-any.whl (4.2 kB)
Using cached rfc3987_syntax-1.1.0-py3-none-any.whl (8.0 kB)
Using cached lark-1.3.1-py3-none-any.whl (113 kB)
Using cached send2trash-2.1.0-py3-none-any.whl (17 kB)
Using cached setuptools-82.0.1-py3-none-any.whl (1.0 MB)
Using cached stack_data-0.6.3-py3-none-any.whl (24 kB)
Using cached asttokens-3.0.1-py3-none-any.whl (27 kB)
Using cached executing-2.2.1-py2.py3-none-any.whl (28 kB)
Using cached terminado-0.18.1-py3-none-any.whl (14 kB)
Downloading tinycss2-1.5.1-py3-none-any.whl (28 kB)
Using cached webcolors-25.10.0-py3-none-any.whl (14 kB)
Using cached webencodings-0.5.1-py2.py3-none-any.whl (11 kB)
Using cached websocket_client-1.9.0-py3-none-any.whl (82 kB)
Using cached argon2_cffi_bindings-25.1.0-cp39-abi3-macosx_11_0_arm64.whl (31 kB)
Using cached cffi-2.0.0-cp313-cp313-macosx_11_0_arm64.whl (181 kB)
Downloading beautifulsoup4-4.15.0-py3-none-any.whl (109 kB)
Using cached soupsieve-2.8.4-py3-none-any.whl (37 kB)
Using cached defusedxml-0.7.1-py2.py3-none-any.whl (25 kB)
Using cached fqdn-1.5.1-py3-none-any.whl (9.1 kB)
Using cached isoduration-20.11.0-py3-none-any.whl (11 kB)
Using cached arrow-1.4.0-py3-none-any.whl (68 kB)
Using cached jupyterlab_pygments-0.3.0-py3-none-any.whl (15 kB)
Using cached pure_eval-0.2.3-py3-none-any.whl (11 kB)
Using cached pycparser-3.0-py3-none-any.whl (48 kB)
Using cached rfc3339_validator-0.1.4-py2.py3-none-any.whl (3.5 kB)
Using cached tzdata-2026.2-py2.py3-none-any.whl (349 kB)
Using cached uri_template-1.3.0-py3-none-any.whl (11 kB)
Downloading wcwidth-0.8.1-py3-none-any.whl (323 kB)
Installing collected packages: webencodings, pure-eval, ptyprocess, websocket-client, webcolors, wcwidth, uri-template, tzdata, tinycss2, terminado, soupsieve, setuptools, send2trash, rfc3986-validator, rfc3339-validator, python-json-logger, pygments, pycparser, psutil, prometheus-client, pexpect, parso, pandocfilters, nest-asyncio, mistune, matplotlib-inline, lark, jupyterlab-pygments, jsonpointer, json5, httpcore, fqdn, executing, defusedxml, decorator, debugpy, comm, bleach, babel, async-lru, asttokens, appnope, stack_data, rfc3987-syntax, prompt_toolkit, jupyter-server-terminals, jedi, ipython-pygments-lexers, httpx, cffi, beautifulsoup4, arrow, isoduration, ipython, argon2-cffi-bindings, ipykernel, argon2-cffi, jupyter-events, nbconvert, jupyter-server, notebook-shim, jupyterlab-server, jupyter-lsp, jupyterlab, notebook

Successfully installed appnope-0.1.4 argon2-cffi-25.1.0 argon2-cffi-bindings-25.1.0 arrow-1.4.0 asttokens-3.0.1 async-lru-2.3.0 babel-2.18.0 beautifulsoup4-4.15.0 bleach-6.4.0 cffi-2.0.0 comm-0.2.3 debugpy-1.8.21 decorator-5.3.1 defusedxml-0.7.1 executing-2.2.1 fqdn-1.5.1 httpcore-1.0.9 httpx-0.28.1 ipykernel-7.2.0 ipython-9.14.1 ipython-pygments-lexers-1.1.1 isoduration-20.11.0 jedi-0.20.0 json5-0.14.0 jsonpointer-3.1.1 jupyter-events-0.12.1 jupyter-lsp-2.3.1 jupyter-server-2.19.0 jupyter-server-terminals-0.5.4 jupyterlab-4.5.8 jupyterlab-pygments-0.3.0 jupyterlab-server-2.28.0 lark-1.3.1 matplotlib-inline-0.2.2 mistune-3.2.1 nbconvert-7.17.1 nest-asyncio-1.6.0 notebook-7.5.7 notebook-shim-0.2.4 pandocfilters-1.5.1 parso-0.8.7 pexpect-4.9.0 prometheus-client-0.25.0 prompt_toolkit-3.0.52 psutil-7.2.2 ptyprocess-0.7.0 pure-eval-0.2.3 pycparser-3.0 pygments-2.20.0 python-json-logger-4.1.0 rfc3339-validator-0.1.4 rfc3986-validator-0.1.1 rfc3987-syntax-1.1.0 send2trash-2.1.0 setuptools-82.0.1 soupsieve-2.8.4 stack_data-0.6.3 terminado-0.18.1 tinycss2-1.5.1 tzdata-2026.2 uri-template-1.3.0 wcwidth-0.8.1 webcolors-25.10.0 webencodings-0.5.1 websocket-client-1.9.0
Collecting jupyter
  Downloading jupyter-1.1.1-py2.py3-none-any.whl.metadata (2.0 kB)
Requirement already satisfied: notebook in ./f1env/lib/python3.13/site-packages (from jupyter) (7.5.7)
Collecting jupyter-console (from jupyter)
  Downloading jupyter_console-6.6.3-py3-none-any.whl.metadata (5.8 kB)
Requirement already satisfied: nbconvert in ./f1env/lib/python3.13/site-packages (from jupyter) (7.17.1)
Requirement already satisfied: ipykernel in ./f1env/lib/python3.13/site-packages (from jupyter) (7.2.0)
Collecting ipywidgets (from jupyter)
  Downloading ipywidgets-8.1.8-py3-none-any.whl.metadata (2.4 kB)
Requirement already satisfied: jupyterlab in ./f1env/lib/python3.13/site-packages (from jupyter) (4.5.8)
Requirement already satisfied: appnope>=0.1.2 in ./f1env/lib/python3.13/site-packages (from ipykernel->jupyter) (0.1.4)
Requirement already satisfied: comm>=0.1.1 in ./f1env/lib/python3.13/site-packages (from ipykernel->jupyter) (0.2.3)
Requirement already satisfied: debugpy>=1.6.5 in ./f1env/lib/python3.13/site-packages (from ipykernel->jupyter) (1.8.21)
Requirement already satisfied: ipython>=7.23.1 in ./f1env/lib/python3.13/site-packages (from ipykernel->jupyter) (9.14.1)
Requirement already satisfied: jupyter-client>=8.8.0 in ./f1env/lib/python3.13/site-packages (from ipykernel->jupyter) (8.9.1)
Requirement already satisfied: jupyter-core!=6.0.*,>=5.1 in ./f1env/lib/python3.13/site-packages (from ipykernel->jupyter) (5.9.1)
Requirement already satisfied: matplotlib-inline>=0.1 in ./f1env/lib/python3.13/site-packages (from ipykernel->jupyter) (0.2.2)
Requirement already satisfied: nest-asyncio>=1.4 in ./f1env/lib/python3.13/site-packages (from ipykernel->jupyter) (1.6.0)
Requirement already satisfied: packaging>=22 in ./f1env/lib/python3.13/site-packages (from ipykernel->jupyter) (26.2)
Requirement already satisfied: psutil>=5.7 in ./f1env/lib/python3.13/site-packages (from ipykernel->jupyter) (7.2.2)
Requirement already satisfied: pyzmq>=25 in ./f1env/lib/python3.13/site-packages (from ipykernel->jupyter) (27.1.0)
Requirement already satisfied: tornado>=6.4.1 in ./f1env/lib/python3.13/site-packages (from ipykernel->jupyter) (6.5.7)
Requirement already satisfied: traitlets>=5.4.0 in ./f1env/lib/python3.13/site-packages (from ipykernel->jupyter) (5.15.1)
Requirement already satisfied: decorator>=5.1.0 in ./f1env/lib/python3.13/site-packages (from ipython>=7.23.1->ipykernel->jupyter) (5.3.1)
Requirement already satisfied: ipython-pygments-lexers>=1.0.0 in ./f1env/lib/python3.13/site-packages (from ipython>=7.23.1->ipykernel->jupyter) (1.1.1)
Requirement already satisfied: jedi>=0.18.2 in ./f1env/lib/python3.13/site-packages (from ipython>=7.23.1->ipykernel->jupyter) (0.20.0)
Requirement already satisfied: pexpect>4.6 in ./f1env/lib/python3.13/site-packages (from ipython>=7.23.1->ipykernel->jupyter) (4.9.0)
Requirement already satisfied: prompt_toolkit<3.1.0,>=3.0.41 in ./f1env/lib/python3.13/site-packages (from ipython>=7.23.1->ipykernel->jupyter) (3.0.52)
Requirement already satisfied: pygments>=2.14.0 in ./f1env/lib/python3.13/site-packages (from ipython>=7.23.1->ipykernel->jupyter) (2.20.0)
Requirement already satisfied: stack_data>=0.6.0 in ./f1env/lib/python3.13/site-packages (from ipython>=7.23.1->ipykernel->jupyter) (0.6.3)
Requirement already satisfied: wcwidth in ./f1env/lib/python3.13/site-packages (from prompt_toolkit<3.1.0,>=3.0.41->ipython>=7.23.1->ipykernel->jupyter) (0.8.1)
Requirement already satisfied: parso<0.9.0,>=0.8.6 in ./f1env/lib/python3.13/site-packages (from jedi>=0.18.2->ipython>=7.23.1->ipykernel->jupyter) (0.8.7)
Requirement already satisfied: python-dateutil>=2.8.2 in ./f1env/lib/python3.13/site-packages (from jupyter-client>=8.8.0->ipykernel->jupyter) (2.9.0.post0)
Requirement already satisfied: typing-extensions>=4.13.0 in ./f1env/lib/python3.13/site-packages (from jupyter-client>=8.8.0->ipykernel->jupyter) (4.15.0)
Requirement already satisfied: platformdirs>=2.5 in ./f1env/lib/python3.13/site-packages (from jupyter-core!=6.0.*,>=5.1->ipykernel->jupyter) (4.10.0)
Requirement already satisfied: ptyprocess>=0.5 in ./f1env/lib/python3.13/site-packages (from pexpect>4.6->ipython>=7.23.1->ipykernel->jupyter) (0.7.0)
Requirement already satisfied: six>=1.5 in ./f1env/lib/python3.13/site-packages (from python-dateutil>=2.8.2->jupyter-client>=8.8.0->ipykernel->jupyter) (1.17.0)
Requirement already satisfied: executing>=1.2.0 in ./f1env/lib/python3.13/site-packages (from stack_data>=0.6.0->ipython>=7.23.1->ipykernel->jupyter) (2.2.1)
Requirement already satisfied: asttokens>=2.1.0 in ./f1env/lib/python3.13/site-packages (from stack_data>=0.6.0->ipython>=7.23.1->ipykernel->jupyter) (3.0.1)
Requirement already satisfied: pure-eval in ./f1env/lib/python3.13/site-packages (from stack_data>=0.6.0->ipython>=7.23.1->ipykernel->jupyter) (0.2.3)
Collecting widgetsnbextension~=4.0.14 (from ipywidgets->jupyter)
  Downloading widgetsnbextension-4.0.15-py3-none-any.whl.metadata (1.6 kB)
Collecting jupyterlab_widgets~=3.0.15 (from ipywidgets->jupyter)
  Downloading jupyterlab_widgets-3.0.16-py3-none-any.whl.metadata (20 kB)
Requirement already satisfied: async-lru>=1.0.0 in ./f1env/lib/python3.13/site-packages (from jupyterlab->jupyter) (2.3.0)
Requirement already satisfied: httpx<1,>=0.25.0 in ./f1env/lib/python3.13/site-packages (from jupyterlab->jupyter) (0.28.1)
Requirement already satisfied: jinja2>=3.0.3 in ./f1env/lib/python3.13/site-packages (from jupyterlab->jupyter) (3.1.6)
Requirement already satisfied: jupyter-lsp>=2.0.0 in ./f1env/lib/python3.13/site-packages (from jupyterlab->jupyter) (2.3.1)
Requirement already satisfied: jupyter-server<3,>=2.4.0 in ./f1env/lib/python3.13/site-packages (from jupyterlab->jupyter) (2.19.0)
Requirement already satisfied: jupyterlab-server<3,>=2.28.0 in ./f1env/lib/python3.13/site-packages (from jupyterlab->jupyter) (2.28.0)
Requirement already satisfied: notebook-shim>=0.2 in ./f1env/lib/python3.13/site-packages (from jupyterlab->jupyter) (0.2.4)
Requirement already satisfied: setuptools>=41.1.0 in ./f1env/lib/python3.13/site-packages (from jupyterlab->jupyter) (82.0.1)
Requirement already satisfied: anyio in ./f1env/lib/python3.13/site-packages (from httpx<1,>=0.25.0->jupyterlab->jupyter) (4.13.0)
Requirement already satisfied: certifi in ./f1env/lib/python3.13/site-packages (from httpx<1,>=0.25.0->jupyterlab->jupyter) (2026.5.20)
Requirement already satisfied: httpcore==1.* in ./f1env/lib/python3.13/site-packages (from httpx<1,>=0.25.0->jupyterlab->jupyter) (1.0.9)
Requirement already satisfied: idna in ./f1env/lib/python3.13/site-packages (from httpx<1,>=0.25.0->jupyterlab->jupyter) (3.18)
Requirement already satisfied: h11>=0.16 in ./f1env/lib/python3.13/site-packages (from httpcore==1.*->httpx<1,>=0.25.0->jupyterlab->jupyter) (0.16.0)
Requirement already satisfied: argon2-cffi>=21.1 in ./f1env/lib/python3.13/site-packages (from jupyter-server<3,>=2.4.0->jupyterlab->jupyter) (25.1.0)
Requirement already satisfied: jupyter-events>=0.11.0 in ./f1env/lib/python3.13/site-packages (from jupyter-server<3,>=2.4.0->jupyterlab->jupyter) (0.12.1)
Requirement already satisfied: jupyter-server-terminals>=0.4.4 in ./f1env/lib/python3.13/site-packages (from jupyter-server<3,>=2.4.0->jupyterlab->jupyter) (0.5.4)
Requirement already satisfied: nbformat>=5.3.0 in ./f1env/lib/python3.13/site-packages (from jupyter-server<3,>=2.4.0->jupyterlab->jupyter) (5.10.4)
Requirement already satisfied: prometheus-client>=0.9 in ./f1env/lib/python3.13/site-packages (from jupyter-server<3,>=2.4.0->jupyterlab->jupyter) (0.25.0)
Requirement already satisfied: send2trash>=1.8.2 in ./f1env/lib/python3.13/site-packages (from jupyter-server<3,>=2.4.0->jupyterlab->jupyter) (2.1.0)
Requirement already satisfied: terminado>=0.8.3 in ./f1env/lib/python3.13/site-packages (from jupyter-server<3,>=2.4.0->jupyterlab->jupyter) (0.18.1)
Requirement already satisfied: websocket-client>=1.7 in ./f1env/lib/python3.13/site-packages (from jupyter-server<3,>=2.4.0->jupyterlab->jupyter) (1.9.0)
Requirement already satisfied: babel>=2.10 in ./f1env/lib/python3.13/site-packages (from jupyterlab-server<3,>=2.28.0->jupyterlab->jupyter) (2.18.0)
Requirement already satisfied: json5>=0.9.0 in ./f1env/lib/python3.13/site-packages (from jupyterlab-server<3,>=2.28.0->jupyterlab->jupyter) (0.14.0)
Requirement already satisfied: jsonschema>=4.18.0 in ./f1env/lib/python3.13/site-packages (from jupyterlab-server<3,>=2.28.0->jupyterlab->jupyter) (4.26.0)
Requirement already satisfied: requests>=2.31 in ./f1env/lib/python3.13/site-packages (from jupyterlab-server<3,>=2.28.0->jupyterlab->jupyter) (2.34.2)
Requirement already satisfied: argon2-cffi-bindings in ./f1env/lib/python3.13/site-packages (from argon2-cffi>=21.1->jupyter-server<3,>=2.4.0->jupyterlab->jupyter) (25.1.0)
Requirement already satisfied: MarkupSafe>=2.0 in ./f1env/lib/python3.13/site-packages (from jinja2>=3.0.3->jupyterlab->jupyter) (3.0.3)
Requirement already satisfied: attrs>=22.2.0 in ./f1env/lib/python3.13/site-packages (from jsonschema>=4.18.0->jupyterlab-server<3,>=2.28.0->jupyterlab->jupyter) (26.1.0)
Requirement already satisfied: jsonschema-specifications>=2023.03.6 in ./f1env/lib/python3.13/site-packages (from jsonschema>=4.18.0->jupyterlab-server<3,>=2.28.0->jupyterlab->jupyter) (2025.9.1)
Requirement already satisfied: referencing>=0.28.4 in ./f1env/lib/python3.13/site-packages (from jsonschema>=4.18.0->jupyterlab-server<3,>=2.28.0->jupyterlab->jupyter) (0.37.0)
Requirement already satisfied: rpds-py>=0.25.0 in ./f1env/lib/python3.13/site-packages (from jsonschema>=4.18.0->jupyterlab-server<3,>=2.28.0->jupyterlab->jupyter) (2026.5.1)
Requirement already satisfied: python-json-logger>=2.0.4 in ./f1env/lib/python3.13/site-packages (from jupyter-events>=0.11.0->jupyter-server<3,>=2.4.0->jupyterlab->jupyter) (4.1.0)
Requirement already satisfied: pyyaml>=5.3 in ./f1env/lib/python3.13/site-packages (from jupyter-events>=0.11.0->jupyter-server<3,>=2.4.0->jupyterlab->jupyter) (6.0.3)
Requirement already satisfied: rfc3339-validator in ./f1env/lib/python3.13/site-packages (from jupyter-events>=0.11.0->jupyter-server<3,>=2.4.0->jupyterlab->jupyter) (0.1.4)
Requirement already satisfied: rfc3986-validator>=0.1.1 in ./f1env/lib/python3.13/site-packages (from jupyter-events>=0.11.0->jupyter-server<3,>=2.4.0->jupyterlab->jupyter) (0.1.1)
Requirement already satisfied: fqdn in ./f1env/lib/python3.13/site-packages (from jsonschema[format-nongpl]>=4.18.0->jupyter-events>=0.11.0->jupyter-server<3,>=2.4.0->jupyterlab->jupyter) (1.5.1)
Requirement already satisfied: isoduration in ./f1env/lib/python3.13/site-packages (from jsonschema[format-nongpl]>=4.18.0->jupyter-events>=0.11.0->jupyter-server<3,>=2.4.0->jupyterlab->jupyter) (20.11.0)
Requirement already satisfied: jsonpointer>1.13 in ./f1env/lib/python3.13/site-packages (from jsonschema[format-nongpl]>=4.18.0->jupyter-events>=0.11.0->jupyter-server<3,>=2.4.0->jupyterlab->jupyter) (3.1.1)
Requirement already satisfied: rfc3987-syntax>=1.1.0 in ./f1env/lib/python3.13/site-packages (from jsonschema[format-nongpl]>=4.18.0->jupyter-events>=0.11.0->jupyter-server<3,>=2.4.0->jupyterlab->jupyter) (1.1.0)
Requirement already satisfied: uri-template in ./f1env/lib/python3.13/site-packages (from jsonschema[format-nongpl]>=4.18.0->jupyter-events>=0.11.0->jupyter-server<3,>=2.4.0->jupyterlab->jupyter) (1.3.0)
Requirement already satisfied: webcolors>=24.6.0 in ./f1env/lib/python3.13/site-packages (from jsonschema[format-nongpl]>=4.18.0->jupyter-events>=0.11.0->jupyter-server<3,>=2.4.0->jupyterlab->jupyter) (25.10.0)
Requirement already satisfied: beautifulsoup4 in ./f1env/lib/python3.13/site-packages (from nbconvert->jupyter) (4.15.0)
Requirement already satisfied: bleach!=5.0.0 in ./f1env/lib/python3.13/site-packages (from bleach[css]!=5.0.0->nbconvert->jupyter) (6.4.0)
Requirement already satisfied: defusedxml in ./f1env/lib/python3.13/site-packages (from nbconvert->jupyter) (0.7.1)
Requirement already satisfied: jupyterlab-pygments in ./f1env/lib/python3.13/site-packages (from nbconvert->jupyter) (0.3.0)
Requirement already satisfied: mistune<4,>=2.0.3 in ./f1env/lib/python3.13/site-packages (from nbconvert->jupyter) (3.2.1)
Requirement already satisfied: nbclient>=0.5.0 in ./f1env/lib/python3.13/site-packages (from nbconvert->jupyter) (0.11.0)
Requirement already satisfied: pandocfilters>=1.4.1 in ./f1env/lib/python3.13/site-packages (from nbconvert->jupyter) (1.5.1)
Requirement already satisfied: webencodings in ./f1env/lib/python3.13/site-packages (from bleach!=5.0.0->bleach[css]!=5.0.0->nbconvert->jupyter) (0.5.1)
Requirement already satisfied: tinycss2>=1.1.0 in ./f1env/lib/python3.13/site-packages (from bleach[css]!=5.0.0->nbconvert->jupyter) (1.5.1)
Requirement already satisfied: fastjsonschema>=2.15 in ./f1env/lib/python3.13/site-packages (from nbformat>=5.3.0->jupyter-server<3,>=2.4.0->jupyterlab->jupyter) (2.21.2)
Requirement already satisfied: charset_normalizer<4,>=2 in ./f1env/lib/python3.13/site-packages (from requests>=2.31->jupyterlab-server<3,>=2.28.0->jupyterlab->jupyter) (3.4.7)
Requirement already satisfied: urllib3<3,>=1.26 in ./f1env/lib/python3.13/site-packages (from requests>=2.31->jupyterlab-server<3,>=2.28.0->jupyterlab->jupyter) (2.7.0)
Requirement already satisfied: lark>=1.2.2 in ./f1env/lib/python3.13/site-packages (from rfc3987-syntax>=1.1.0->jsonschema[format-nongpl]>=4.18.0->jupyter-events>=0.11.0->jupyter-server<3,>=2.4.0->jupyterlab->jupyter) (1.3.1)
Requirement already satisfied: cffi>=1.0.1 in ./f1env/lib/python3.13/site-packages (from argon2-cffi-bindings->argon2-cffi>=21.1->jupyter-server<3,>=2.4.0->jupyterlab->jupyter) (2.0.0)
Requirement already satisfied: pycparser in ./f1env/lib/python3.13/site-packages (from cffi>=1.0.1->argon2-cffi-bindings->argon2-cffi>=21.1->jupyter-server<3,>=2.4.0->jupyterlab->jupyter) (3.0)
Requirement already satisfied: soupsieve>=1.6.1 in ./f1env/lib/python3.13/site-packages (from beautifulsoup4->nbconvert->jupyter) (2.8.4)
Requirement already satisfied: arrow>=0.15.0 in ./f1env/lib/python3.13/site-packages (from isoduration->jsonschema[format-nongpl]>=4.18.0->jupyter-events>=0.11.0->jupyter-server<3,>=2.4.0->jupyterlab->jupyter) (1.4.0)
Requirement already satisfied: tzdata in ./f1env/lib/python3.13/site-packages (from arrow>=0.15.0->isoduration->jsonschema[format-nongpl]>=4.18.0->jupyter-events>=0.11.0->jupyter-server<3,>=2.4.0->jupyterlab->jupyter) (2026.2)
Downloading jupyter-1.1.1-py2.py3-none-any.whl (2.7 kB)
Downloading ipywidgets-8.1.8-py3-none-any.whl (139 kB)
Downloading jupyterlab_widgets-3.0.16-py3-none-any.whl (914 kB)
   ━━━━━━━━━━━━━━━━━━━━━━━━━━━━━━━━━━━━━━━━ 914.9/914.9 kB 21.0 MB/s  0:00:00
Downloading widgetsnbextension-4.0.15-py3-none-any.whl (2.2 MB)
   ━━━━━━━━━━━━━━━━━━━━━━━━━━━━━━━━━━━━━━━━ 2.2/2.2 MB 21.4 MB/s  0:00:00
Downloading jupyter_console-6.6.3-py3-none-any.whl (24 kB)
Installing collected packages: widgetsnbextension, jupyterlab_widgets, ipywidgets, jupyter-console, jupyter

Successfully installed ipywidgets-8.1.8 jupyter-1.1.1 jupyter-console-6.6.3 jupyterlab_widgets-3.0.16 widgetsnbextension-4.0.15
✔ All required libraries installed
📁 Validating workspace folder structure...
📂 Creating missing directory: /Users/manoharazalki/F1-Analytics/scripts/data
📂 Creating missing directory: /Users/manoharazalki/F1-Analytics/scripts/data/landing
📂 Creating missing directory: /Users/manoharazalki/F1-Analytics/scripts/data/bronze
📂 Creating missing directory: /Users/manoharazalki/F1-Analytics/scripts/data/silver
📂 Creating missing directory: /Users/manoharazalki/F1-Analytics/scripts/data/gold
📂 Creating missing directory: /Users/manoharazalki/F1-Analytics/scripts/data/control
📂 Creating missing directory: /Users/manoharazalki/F1-Analytics/scripts/notebooks
📂 Creating missing directory: /Users/manoharazalki/F1-Analytics/scripts/scripts
✔ Folder structure validated
==============================================
🎉 Workspace Setup Complete!
Activate environment using:
   source f1env/bin/activate

Run the full pipeline using:
   bash scripts/main.sh
==============================================
